Build started 04/03/2015 4:36:37 PM.
     1>Project "C:\Users\Bekwnn2\Pixie-Particles\Pixie-build\src\PixieParticles.vcxproj" on node 2 (Build target(s)).
     1>ClCompile:
         C:\Program Files (x86)\Microsoft Visual Studio 12.0\VC\bin\CL.exe /c /I"C:\Program Files\SFML-2.2-vs\include" /Zi /nologo /W3 /WX- /Od /Ob0 /Oy- /D WIN32 /D _WINDOWS /D _DEBUG /D SFML_STATIC /D "CMAKE_INTDIR=\"Debug\"" /D _MBCS /Gm- /EHsc /RTC1 /MDd /GS /fp:precise /Zc:wchar_t /Zc:forScope /GR /Fo"PixieParticles.dir\Debug\\" /Fd"PixieParticles.dir\Debug\vc120.pdb" /Gd /TP /analyze- /errorReport:prompt ..\..\Pixie\src\Emitter.cpp ..\..\Pixie\src\Particle.cpp ..\..\Pixie\src\ParticleSystem.cpp "C:\Users\Bekwnn2\Pixie-Particles\Pixie\src\main.cpp"
         Emitter.cpp
         Particle.cpp
         ParticleSystem.cpp
         main.cpp
         Generating Code...
       Link:
         C:\Program Files (x86)\Microsoft Visual Studio 12.0\VC\bin\link.exe /ERRORREPORT:PROMPT /OUT:"C:\Users\Bekwnn2\Pixie-Particles\Pixie-build\src\Debug\PixieParticles.exe" /INCREMENTAL /NOLOGO /LIBPATH:"C:\Program Files\SFML-2.2-vs\lib" kernel32.lib user32.lib gdi32.lib winspool.lib shell32.lib ole32.lib oleaut32.lib uuid.lib comdlg32.lib advapi32.lib "C:\Program Files\SFML-2.2-vs\lib\sfml-system-s-d.lib" "C:\Program Files\SFML-2.2-vs\lib\sfml-graphics-s-d.lib" "C:\Program Files\SFML-2.2-vs\lib\sfml-window-s-d.lib" /MANIFEST /MANIFESTUAC:"level='asInvoker' uiAccess='false'" /manifest:embed /DEBUG /PDB:"C:/Users/Bekwnn2/Pixie-Particles/Pixie-build/src/Debug/PixieParticles.pdb" /SUBSYSTEM:CONSOLE /TLBID:1 /DYNAMICBASE /NXCOMPAT /IMPLIB:"C:/Users/Bekwnn2/Pixie-Particles/Pixie-build/src/Debug/PixieParticles.lib" /MACHINE:X86 /SAFESEH  /machine:X86 /debug PixieParticles.dir\Debug\Emitter.obj
         PixieParticles.dir\Debug\Particle.obj
         PixieParticles.dir\Debug\ParticleSystem.obj
         PixieParticles.dir\Debug\main.obj
     1>sfml-graphics-s-d.lib(RenderTarget.cpp.obj) : error LNK2019: unresolved external symbol __imp__glBlendFunc@8 referenced in function "private: void __thiscall sf::RenderTarget::applyBlendMode(struct sf::BlendMode const &)" (?applyBlendMode@RenderTarget@sf@@AAEXABUBlendMode@2@@Z)
     1>sfml-graphics-s-d.lib(RenderTarget.cpp.obj) : error LNK2019: unresolved external symbol __imp__glClear@4 referenced in function "public: void __thiscall sf::RenderTarget::clear(class sf::Color const &)" (?clear@RenderTarget@sf@@QAEXABVColor@2@@Z)
     1>sfml-graphics-s-d.lib(RenderTarget.cpp.obj) : error LNK2019: unresolved external symbol __imp__glClearColor@16 referenced in function "public: void __thiscall sf::RenderTarget::clear(class sf::Color const &)" (?clear@RenderTarget@sf@@QAEXABVColor@2@@Z)
     1>sfml-graphics-s-d.lib(RenderTarget.cpp.obj) : error LNK2019: unresolved external symbol __imp__glColorPointer@16 referenced in function "public: void __thiscall sf::RenderTarget::draw(class sf::Vertex const *,unsigned int,enum sf::PrimitiveType,class sf::RenderStates const &)" (?draw@RenderTarget@sf@@QAEXPBVVertex@2@IW4PrimitiveType@2@ABVRenderStates@2@@Z)
     1>sfml-graphics-s-d.lib(RenderTarget.cpp.obj) : error LNK2019: unresolved external symbol __imp__glDisable@4 referenced in function "public: void __thiscall sf::RenderTarget::resetGLStates(void)" (?resetGLStates@RenderTarget@sf@@QAEXXZ)
     1>sfml-graphics-s-d.lib(RenderTarget.cpp.obj) : error LNK2019: unresolved external symbol __imp__glDrawArrays@12 referenced in function "public: void __thiscall sf::RenderTarget::draw(class sf::Vertex const *,unsigned int,enum sf::PrimitiveType,class sf::RenderStates const &)" (?draw@RenderTarget@sf@@QAEXPBVVertex@2@IW4PrimitiveType@2@ABVRenderStates@2@@Z)
     1>sfml-graphics-s-d.lib(RenderTarget.cpp.obj) : error LNK2019: unresolved external symbol __imp__glEnable@4 referenced in function "public: void __thiscall sf::RenderTarget::resetGLStates(void)" (?resetGLStates@RenderTarget@sf@@QAEXXZ)
     1>sfml-window-s-d.lib(GlContext.cpp.obj) : error LNK2001: unresolved external symbol __imp__glEnable@4
     1>sfml-graphics-s-d.lib(RenderTarget.cpp.obj) : error LNK2019: unresolved external symbol __imp__glEnableClientState@4 referenced in function "public: void __thiscall sf::RenderTarget::resetGLStates(void)" (?resetGLStates@RenderTarget@sf@@QAEXXZ)
     1>sfml-graphics-s-d.lib(RenderTarget.cpp.obj) : error LNK2019: unresolved external symbol __imp__glGetError@0 referenced in function "public: void __thiscall sf::RenderTarget::pushGLStates(void)" (?pushGLStates@RenderTarget@sf@@QAEXXZ)
     1>sfml-graphics-s-d.lib(GLCheck.cpp.obj) : error LNK2001: unresolved external symbol __imp__glGetError@0
     1>sfml-graphics-s-d.lib(RenderTarget.cpp.obj) : error LNK2019: unresolved external symbol __imp__glLoadMatrixf@4 referenced in function "private: void __thiscall sf::RenderTarget::applyCurrentView(void)" (?applyCurrentView@RenderTarget@sf@@AAEXXZ)
     1>sfml-graphics-s-d.lib(Texture.cpp.obj) : error LNK2001: unresolved external symbol __imp__glLoadMatrixf@4
     1>sfml-graphics-s-d.lib(RenderTarget.cpp.obj) : error LNK2019: unresolved external symbol __imp__glMatrixMode@4 referenced in function "public: void __thiscall sf::RenderTarget::pushGLStates(void)" (?pushGLStates@RenderTarget@sf@@QAEXXZ)
     1>sfml-graphics-s-d.lib(Texture.cpp.obj) : error LNK2001: unresolved external symbol __imp__glMatrixMode@4
     1>sfml-graphics-s-d.lib(RenderTarget.cpp.obj) : error LNK2019: unresolved external symbol __imp__glPopAttrib@0 referenced in function "public: void __thiscall sf::RenderTarget::popGLStates(void)" (?popGLStates@RenderTarget@sf@@QAEXXZ)
     1>sfml-graphics-s-d.lib(RenderTarget.cpp.obj) : error LNK2019: unresolved external symbol __imp__glPopClientAttrib@0 referenced in function "public: void __thiscall sf::RenderTarget::popGLStates(void)" (?popGLStates@RenderTarget@sf@@QAEXXZ)
     1>sfml-graphics-s-d.lib(RenderTarget.cpp.obj) : error LNK2019: unresolved external symbol __imp__glPopMatrix@0 referenced in function "public: void __thiscall sf::RenderTarget::popGLStates(void)" (?popGLStates@RenderTarget@sf@@QAEXXZ)
     1>sfml-graphics-s-d.lib(RenderTarget.cpp.obj) : error LNK2019: unresolved external symbol __imp__glPushAttrib@4 referenced in function "public: void __thiscall sf::RenderTarget::pushGLStates(void)" (?pushGLStates@RenderTarget@sf@@QAEXXZ)
     1>sfml-graphics-s-d.lib(RenderTarget.cpp.obj) : error LNK2019: unresolved external symbol __imp__glPushClientAttrib@4 referenced in function "public: void __thiscall sf::RenderTarget::pushGLStates(void)" (?pushGLStates@RenderTarget@sf@@QAEXXZ)
     1>sfml-graphics-s-d.lib(RenderTarget.cpp.obj) : error LNK2019: unresolved external symbol __imp__glPushMatrix@0 referenced in function "public: void __thiscall sf::RenderTarget::pushGLStates(void)" (?pushGLStates@RenderTarget@sf@@QAEXXZ)
     1>sfml-graphics-s-d.lib(RenderTarget.cpp.obj) : error LNK2019: unresolved external symbol __imp__glTexCoordPointer@16 referenced in function "public: void __thiscall sf::RenderTarget::draw(class sf::Vertex const *,unsigned int,enum sf::PrimitiveType,class sf::RenderStates const &)" (?draw@RenderTarget@sf@@QAEXPBVVertex@2@IW4PrimitiveType@2@ABVRenderStates@2@@Z)
     1>sfml-graphics-s-d.lib(RenderTarget.cpp.obj) : error LNK2019: unresolved external symbol __imp__glVertexPointer@16 referenced in function "public: void __thiscall sf::RenderTarget::draw(class sf::Vertex const *,unsigned int,enum sf::PrimitiveType,class sf::RenderStates const &)" (?draw@RenderTarget@sf@@QAEXPBVVertex@2@IW4PrimitiveType@2@ABVRenderStates@2@@Z)
     1>sfml-graphics-s-d.lib(RenderTarget.cpp.obj) : error LNK2019: unresolved external symbol __imp__glViewport@16 referenced in function "private: void __thiscall sf::RenderTarget::applyCurrentView(void)" (?applyCurrentView@RenderTarget@sf@@AAEXXZ)
     1>sfml-graphics-s-d.lib(RenderTarget.cpp.obj) : error LNK2001: unresolved external symbol ___glewBlendEquation
     1>sfml-graphics-s-d.lib(RenderTarget.cpp.obj) : error LNK2001: unresolved external symbol ___glewActiveTextureARB
     1>sfml-graphics-s-d.lib(Shader.cpp.obj) : error LNK2001: unresolved external symbol ___glewActiveTextureARB
     1>sfml-graphics-s-d.lib(RenderTarget.cpp.obj) : error LNK2001: unresolved external symbol ___glewClientActiveTextureARB
     1>sfml-graphics-s-d.lib(RenderTarget.cpp.obj) : error LNK2001: unresolved external symbol ___glewBlendEquationSeparateEXT
     1>sfml-graphics-s-d.lib(RenderTarget.cpp.obj) : error LNK2001: unresolved external symbol ___glewBlendFuncSeparateEXT
     1>sfml-graphics-s-d.lib(RenderTarget.cpp.obj) : error LNK2001: unresolved external symbol ___GLEW_ARB_multitexture
     1>sfml-graphics-s-d.lib(RenderTarget.cpp.obj) : error LNK2001: unresolved external symbol ___GLEW_EXT_blend_equation_separate
     1>sfml-graphics-s-d.lib(RenderTarget.cpp.obj) : error LNK2001: unresolved external symbol ___GLEW_EXT_blend_func_separate
     1>sfml-graphics-s-d.lib(Texture.cpp.obj) : error LNK2019: unresolved external symbol __imp__glBindTexture@8 referenced in function "public: bool __thiscall sf::Texture::create(unsigned int,unsigned int)" (?create@Texture@sf@@QAE_NII@Z)
     1>sfml-graphics-s-d.lib(TextureSaver.cpp.obj) : error LNK2001: unresolved external symbol __imp__glBindTexture@8
     1>sfml-graphics-s-d.lib(Texture.cpp.obj) : error LNK2019: unresolved external symbol __imp__glCopyTexSubImage2D@32 referenced in function "public: void __thiscall sf::Texture::update(class sf::Window const &,unsigned int,unsigned int)" (?update@Texture@sf@@QAEXABVWindow@2@II@Z)
     1>sfml-graphics-s-d.lib(Texture.cpp.obj) : error LNK2019: unresolved external symbol __imp__glDeleteTextures@8 referenced in function "public: __thiscall sf::Texture::~Texture(void)" (??1Texture@sf@@QAE@XZ)
     1>sfml-graphics-s-d.lib(Texture.cpp.obj) : error LNK2019: unresolved external symbol __imp__glFlush@0 referenced in function "public: bool __thiscall sf::Texture::loadFromImage(class sf::Image const &,class sf::Rect<int> const &)" (?loadFromImage@Texture@sf@@QAE_NABVImage@2@ABV?$Rect@H@2@@Z)
     1>sfml-graphics-s-d.lib(Shader.cpp.obj) : error LNK2001: unresolved external symbol __imp__glFlush@0
     1>sfml-graphics-s-d.lib(Texture.cpp.obj) : error LNK2019: unresolved external symbol __imp__glGenTextures@8 referenced in function "public: bool __thiscall sf::Texture::create(unsigned int,unsigned int)" (?create@Texture@sf@@QAE_NII@Z)
     1>sfml-graphics-s-d.lib(Texture.cpp.obj) : error LNK2019: unresolved external symbol __imp__glGetIntegerv@8 referenced in function "unsigned int __cdecl `anonymous namespace'::checkMaximumTextureSize(void)" (?checkMaximumTextureSize@?A0x76b0c307@@YAIXZ)
     1>sfml-graphics-s-d.lib(Shader.cpp.obj) : error LNK2001: unresolved external symbol __imp__glGetIntegerv@8
     1>sfml-graphics-s-d.lib(TextureSaver.cpp.obj) : error LNK2001: unresolved external symbol __imp__glGetIntegerv@8
     1>sfml-graphics-s-d.lib(Texture.cpp.obj) : error LNK2019: unresolved external symbol __imp__glGetTexImage@20 referenced in function "public: class sf::Image __thiscall sf::Texture::copyToImage(void)const " (?copyToImage@Texture@sf@@QBE?AVImage@2@XZ)
     1>sfml-graphics-s-d.lib(Texture.cpp.obj) : error LNK2019: unresolved external symbol __imp__glLoadIdentity@0 referenced in function "public: static void __cdecl sf::Texture::bind(class sf::Texture const *,enum sf::Texture::CoordinateType)" (?bind@Texture@sf@@SAXPBV12@W4CoordinateType@12@@Z)
     1>sfml-graphics-s-d.lib(Texture.cpp.obj) : error LNK2019: unresolved external symbol __imp__glTexImage2D@36 referenced in function "public: bool __thiscall sf::Texture::create(unsigned int,unsigned int)" (?create@Texture@sf@@QAE_NII@Z)
     1>sfml-graphics-s-d.lib(Texture.cpp.obj) : error LNK2019: unresolved external symbol __imp__glTexParameteri@12 referenced in function "public: bool __thiscall sf::Texture::create(unsigned int,unsigned int)" (?create@Texture@sf@@QAE_NII@Z)
     1>sfml-graphics-s-d.lib(Texture.cpp.obj) : error LNK2019: unresolved external symbol __imp__glTexSubImage2D@36 referenced in function "public: bool __thiscall sf::Texture::loadFromImage(class sf::Image const &,class sf::Rect<int> const &)" (?loadFromImage@Texture@sf@@QAE_NABVImage@2@ABV?$Rect@H@2@@Z)
     1>sfml-graphics-s-d.lib(Texture.cpp.obj) : error LNK2001: unresolved external symbol ___GLEW_ARB_texture_non_power_of_two
     1>sfml-graphics-s-d.lib(RenderWindow.cpp.obj) : error LNK2019: unresolved external symbol __imp__glReadPixels@28 referenced in function "public: class sf::Image __thiscall sf::RenderWindow::capture(void)const " (?capture@RenderWindow@sf@@QBE?AVImage@2@XZ)
     1>sfml-graphics-s-d.lib(Shader.cpp.obj) : error LNK2001: unresolved external symbol ___glewAttachObjectARB
     1>sfml-graphics-s-d.lib(Shader.cpp.obj) : error LNK2001: unresolved external symbol ___glewCompileShaderARB
     1>sfml-graphics-s-d.lib(Shader.cpp.obj) : error LNK2001: unresolved external symbol ___glewCreateProgramObjectARB
     1>sfml-graphics-s-d.lib(Shader.cpp.obj) : error LNK2001: unresolved external symbol ___glewCreateShaderObjectARB
     1>sfml-graphics-s-d.lib(Shader.cpp.obj) : error LNK2001: unresolved external symbol ___glewDeleteObjectARB
     1>sfml-graphics-s-d.lib(Shader.cpp.obj) : error LNK2001: unresolved external symbol ___glewGetHandleARB
     1>sfml-graphics-s-d.lib(Shader.cpp.obj) : error LNK2001: unresolved external symbol ___glewGetInfoLogARB
     1>sfml-graphics-s-d.lib(Shader.cpp.obj) : error LNK2001: unresolved external symbol ___glewGetObjectParameterivARB
     1>sfml-graphics-s-d.lib(Shader.cpp.obj) : error LNK2001: unresolved external symbol ___glewGetUniformLocationARB
     1>sfml-graphics-s-d.lib(Shader.cpp.obj) : error LNK2001: unresolved external symbol ___glewLinkProgramARB
     1>sfml-graphics-s-d.lib(Shader.cpp.obj) : error LNK2001: unresolved external symbol ___glewShaderSourceARB
     1>sfml-graphics-s-d.lib(Shader.cpp.obj) : error LNK2001: unresolved external symbol ___glewUniform1fARB
     1>sfml-graphics-s-d.lib(Shader.cpp.obj) : error LNK2001: unresolved external symbol ___glewUniform1iARB
     1>sfml-graphics-s-d.lib(Shader.cpp.obj) : error LNK2001: unresolved external symbol ___glewUniform2fARB
     1>sfml-graphics-s-d.lib(Shader.cpp.obj) : error LNK2001: unresolved external symbol ___glewUniform3fARB
     1>sfml-graphics-s-d.lib(Shader.cpp.obj) : error LNK2001: unresolved external symbol ___glewUniform4fARB
     1>sfml-graphics-s-d.lib(Shader.cpp.obj) : error LNK2001: unresolved external symbol ___glewUniformMatrix4fvARB
     1>sfml-graphics-s-d.lib(Shader.cpp.obj) : error LNK2001: unresolved external symbol ___glewUseProgramObjectARB
     1>sfml-graphics-s-d.lib(Shader.cpp.obj) : error LNK2001: unresolved external symbol ___GLEW_ARB_fragment_shader
     1>sfml-graphics-s-d.lib(Shader.cpp.obj) : error LNK2001: unresolved external symbol ___GLEW_ARB_shader_objects
     1>sfml-graphics-s-d.lib(Shader.cpp.obj) : error LNK2001: unresolved external symbol ___GLEW_ARB_shading_language_100
     1>sfml-graphics-s-d.lib(Shader.cpp.obj) : error LNK2001: unresolved external symbol ___GLEW_ARB_vertex_shader
     1>sfml-graphics-s-d.lib(GLExtensions.cpp.obj) : error LNK2019: unresolved external symbol _glewInit referenced in function "void __cdecl sf::priv::ensureExtensionsInit(void)" (?ensureExtensionsInit@priv@sf@@YAXXZ)
     1>sfml-graphics-s-d.lib(GLExtensions.cpp.obj) : error LNK2019: unresolved external symbol _glewGetErrorString referenced in function "void __cdecl sf::priv::ensureExtensionsInit(void)" (?ensureExtensionsInit@priv@sf@@YAXXZ)
     1>sfml-graphics-s-d.lib(ImageLoader.cpp.obj) : error LNK2019: unresolved external symbol _jpeg_std_error referenced in function "private: bool __thiscall sf::priv::ImageLoader::writeJpg(class std::basic_string<char,struct std::char_traits<char>,class std::allocator<char> > const &,class std::vector<unsigned char,class std::allocator<unsigned char> > const &,unsigned int,unsigned int)" (?writeJpg@ImageLoader@priv@sf@@AAE_NABV?$basic_string@DU?$char_traits@D@std@@V?$allocator@D@2@@std@@ABV?$vector@EV?$allocator@E@std@@@5@II@Z)
     1>sfml-graphics-s-d.lib(ImageLoader.cpp.obj) : error LNK2019: unresolved external symbol _jpeg_CreateCompress referenced in function "private: bool __thiscall sf::priv::ImageLoader::writeJpg(class std::basic_string<char,struct std::char_traits<char>,class std::allocator<char> > const &,class std::vector<unsigned char,class std::allocator<unsigned char> > const &,unsigned int,unsigned int)" (?writeJpg@ImageLoader@priv@sf@@AAE_NABV?$basic_string@DU?$char_traits@D@std@@V?$allocator@D@2@@std@@ABV?$vector@EV?$allocator@E@std@@@5@II@Z)
     1>sfml-graphics-s-d.lib(ImageLoader.cpp.obj) : error LNK2019: unresolved external symbol _jpeg_destroy_compress referenced in function "private: bool __thiscall sf::priv::ImageLoader::writeJpg(class std::basic_string<char,struct std::char_traits<char>,class std::allocator<char> > const &,class std::vector<unsigned char,class std::allocator<unsigned char> > const &,unsigned int,unsigned int)" (?writeJpg@ImageLoader@priv@sf@@AAE_NABV?$basic_string@DU?$char_traits@D@std@@V?$allocator@D@2@@std@@ABV?$vector@EV?$allocator@E@std@@@5@II@Z)
     1>sfml-graphics-s-d.lib(ImageLoader.cpp.obj) : error LNK2019: unresolved external symbol _jpeg_stdio_dest referenced in function "private: bool __thiscall sf::priv::ImageLoader::writeJpg(class std::basic_string<char,struct std::char_traits<char>,class std::allocator<char> > const &,class std::vector<unsigned char,class std::allocator<unsigned char> > const &,unsigned int,unsigned int)" (?writeJpg@ImageLoader@priv@sf@@AAE_NABV?$basic_string@DU?$char_traits@D@std@@V?$allocator@D@2@@std@@ABV?$vector@EV?$allocator@E@std@@@5@II@Z)
     1>sfml-graphics-s-d.lib(ImageLoader.cpp.obj) : error LNK2019: unresolved external symbol _jpeg_set_defaults referenced in function "private: bool __thiscall sf::priv::ImageLoader::writeJpg(class std::basic_string<char,struct std::char_traits<char>,class std::allocator<char> > const &,class std::vector<unsigned char,class std::allocator<unsigned char> > const &,unsigned int,unsigned int)" (?writeJpg@ImageLoader@priv@sf@@AAE_NABV?$basic_string@DU?$char_traits@D@std@@V?$allocator@D@2@@std@@ABV?$vector@EV?$allocator@E@std@@@5@II@Z)
     1>sfml-graphics-s-d.lib(ImageLoader.cpp.obj) : error LNK2019: unresolved external symbol _jpeg_set_quality referenced in function "private: bool __thiscall sf::priv::ImageLoader::writeJpg(class std::basic_string<char,struct std::char_traits<char>,class std::allocator<char> > const &,class std::vector<unsigned char,class std::allocator<unsigned char> > const &,unsigned int,unsigned int)" (?writeJpg@ImageLoader@priv@sf@@AAE_NABV?$basic_string@DU?$char_traits@D@std@@V?$allocator@D@2@@std@@ABV?$vector@EV?$allocator@E@std@@@5@II@Z)
     1>sfml-graphics-s-d.lib(ImageLoader.cpp.obj) : error LNK2019: unresolved external symbol _jpeg_start_compress referenced in function "private: bool __thiscall sf::priv::ImageLoader::writeJpg(class std::basic_string<char,struct std::char_traits<char>,class std::allocator<char> > const &,class std::vector<unsigned char,class std::allocator<unsigned char> > const &,unsigned int,unsigned int)" (?writeJpg@ImageLoader@priv@sf@@AAE_NABV?$basic_string@DU?$char_traits@D@std@@V?$allocator@D@2@@std@@ABV?$vector@EV?$allocator@E@std@@@5@II@Z)
     1>sfml-graphics-s-d.lib(ImageLoader.cpp.obj) : error LNK2019: unresolved external symbol _jpeg_write_scanlines referenced in function "private: bool __thiscall sf::priv::ImageLoader::writeJpg(class std::basic_string<char,struct std::char_traits<char>,class std::allocator<char> > const &,class std::vector<unsigned char,class std::allocator<unsigned char> > const &,unsigned int,unsigned int)" (?writeJpg@ImageLoader@priv@sf@@AAE_NABV?$basic_string@DU?$char_traits@D@std@@V?$allocator@D@2@@std@@ABV?$vector@EV?$allocator@E@std@@@5@II@Z)
     1>sfml-graphics-s-d.lib(ImageLoader.cpp.obj) : error LNK2019: unresolved external symbol _jpeg_finish_compress referenced in function "private: bool __thiscall sf::priv::ImageLoader::writeJpg(class std::basic_string<char,struct std::char_traits<char>,class std::allocator<char> > const &,class std::vector<unsigned char,class std::allocator<unsigned char> > const &,unsigned int,unsigned int)" (?writeJpg@ImageLoader@priv@sf@@AAE_NABV?$basic_string@DU?$char_traits@D@std@@V?$allocator@D@2@@std@@ABV?$vector@EV?$allocator@E@std@@@5@II@Z)
     1>sfml-window-s-d.lib(GlContext.cpp.obj) : error LNK2019: unresolved external symbol __imp__glGetString@4 referenced in function "private: void __thiscall sf::priv::GlContext::initialize(void)" (?initialize@GlContext@priv@sf@@AAEXXZ)
     1>sfml-window-s-d.lib(WglContext.cpp.obj) : error LNK2019: unresolved external symbol __imp__wglCreateContext@4 referenced in function "private: void __thiscall sf::priv::WglContext::createContext(class sf::priv::WglContext *,unsigned int,struct sf::ContextSettings const &)" (?createContext@WglContext@priv@sf@@AAEXPAV123@IABUContextSettings@3@@Z)
     1>sfml-window-s-d.lib(WglContext.cpp.obj) : error LNK2019: unresolved external symbol __imp__wglDeleteContext@4 referenced in function "public: virtual __thiscall sf::priv::WglContext::~WglContext(void)" (??1WglContext@priv@sf@@UAE@XZ)
     1>sfml-window-s-d.lib(WglContext.cpp.obj) : error LNK2019: unresolved external symbol __imp__wglGetCurrentContext@0 referenced in function "public: virtual __thiscall sf::priv::WglContext::~WglContext(void)" (??1WglContext@priv@sf@@UAE@XZ)
     1>sfml-window-s-d.lib(WglContext.cpp.obj) : error LNK2019: unresolved external symbol __imp__wglGetProcAddress@4 referenced in function "public: virtual void __thiscall sf::priv::WglContext::setVerticalSyncEnabled(bool)" (?setVerticalSyncEnabled@WglContext@priv@sf@@UAEX_N@Z)
     1>sfml-window-s-d.lib(WglContext.cpp.obj) : error LNK2019: unresolved external symbol __imp__wglMakeCurrent@8 referenced in function "public: virtual __thiscall sf::priv::WglContext::~WglContext(void)" (??1WglContext@priv@sf@@UAE@XZ)
     1>sfml-window-s-d.lib(WglContext.cpp.obj) : error LNK2019: unresolved external symbol __imp__wglShareLists@8 referenced in function "private: void __thiscall sf::priv::WglContext::createContext(class sf::priv::WglContext *,unsigned int,struct sf::ContextSettings const &)" (?createContext@WglContext@priv@sf@@AAEXPAV123@IABUContextSettings@3@@Z)
     1>sfml-window-s-d.lib(JoystickImpl.cpp.obj) : error LNK2019: unresolved external symbol __imp__joyGetPosEx@8 referenced in function "public: static void __cdecl sf::priv::JoystickImpl::initialize(void)" (?initialize@JoystickImpl@priv@sf@@SAXXZ)
     1>sfml-window-s-d.lib(JoystickImpl.cpp.obj) : error LNK2019: unresolved external symbol __imp__joyGetDevCapsW@12 referenced in function "public: bool __thiscall sf::priv::JoystickImpl::open(unsigned int)" (?open@JoystickImpl@priv@sf@@QAE_NI@Z)
     1>sfml-system-s-d.lib(SleepImpl.cpp.obj) : error LNK2019: unresolved external symbol __imp__timeGetDevCaps@8 referenced in function "void __cdecl sf::priv::sleepImpl(class sf::Time)" (?sleepImpl@priv@sf@@YAXVTime@2@@Z)
     1>sfml-system-s-d.lib(SleepImpl.cpp.obj) : error LNK2019: unresolved external symbol __imp__timeBeginPeriod@4 referenced in function "void __cdecl sf::priv::sleepImpl(class sf::Time)" (?sleepImpl@priv@sf@@YAXVTime@2@@Z)
     1>sfml-system-s-d.lib(SleepImpl.cpp.obj) : error LNK2019: unresolved external symbol __imp__timeEndPeriod@4 referenced in function "void __cdecl sf::priv::sleepImpl(class sf::Time)" (?sleepImpl@priv@sf@@YAXVTime@2@@Z)
     1>C:\Users\Bekwnn2\Pixie-Particles\Pixie-build\src\Debug\PixieParticles.exe : fatal error LNK1120: 86 unresolved externals
     1>Done Building Project "C:\Users\Bekwnn2\Pixie-Particles\Pixie-build\src\PixieParticles.vcxproj" (Build target(s)) -- FAILED.

Build FAILED.

Time Elapsed 00:00:03.43
